2019-03-14 17:37:39 INFO  TestBase:56 - Chrome browser launched successfully
2019-03-14 17:37:49 INFO  TestBase:80 - Application URL: http://snapraterdo:8086/Rater/login.auth has been entered
2019-03-14 17:37:49 INFO  TC01_VerifySuccessfulLoginToTheApplication:28 - TC01_VerifySuccessfulLoginToTheApplication test execution started
2019-03-14 17:37:49 INFO  LoginPage:35 - Username has been entered
2019-03-14 17:37:50 INFO  LoginPage:38 - Password has been entered
2019-03-14 17:37:58 INFO  LoginPage:40 - User has clicked on 'LOG IN' button
2019-03-14 17:37:58 INFO  TC01_VerifySuccessfulLoginToTheApplication:31 - TC01_VerifySuccessfulLoginToTheApplication test executed successfully
2019-03-14 17:37:59 INFO  TestBase:144 - Browser has been closed
2019-03-14 18:02:08 INFO  TestBase:56 - Chrome browser launched successfully
2019-03-14 18:02:14 INFO  TestBase:80 - Application URL: http://snapraterdo:8086/Rater/login.auth has been entered
2019-03-14 18:02:14 INFO  TC01_VerifySuccessfulLoginToTheApplication:34 - TC01_VerifySuccessfulLoginToTheApplication test execution started
2019-03-14 18:02:14 INFO  TC01_VerifySuccessfulLoginToTheApplication:41 - java.lang.NullPointerException
2019-03-14 18:02:15 INFO  TestBase:144 - Browser has been closed
2019-03-14 18:02:38 INFO  TestBase:56 - Chrome browser launched successfully
2019-03-14 18:02:44 INFO  TestBase:80 - Application URL: http://snapraterdo:8086/Rater/login.auth has been entered
2019-03-14 18:02:44 INFO  TC01_VerifySuccessfulLoginToTheApplication:34 - TC01_VerifySuccessfulLoginToTheApplication test execution started
2019-03-14 18:02:44 INFO  TC01_VerifySuccessfulLoginToTheApplication:41 - java.lang.NullPointerException
2019-03-14 18:02:45 INFO  TestBase:144 - Browser has been closed
2019-03-14 18:06:33 INFO  TestBase:56 - Chrome browser launched successfully
2019-03-14 18:06:39 INFO  TestBase:80 - Application URL: http://snapraterdo:8086/Rater/login.auth has been entered
2019-03-14 18:06:39 INFO  TC01_VerifySuccessfulLoginToTheApplication:34 - TC01_VerifySuccessfulLoginToTheApplication test execution started
2019-03-14 18:06:39 INFO  LoginPage:37 - Username has been entered
2019-03-14 18:06:39 INFO  LoginPage:40 - Password has been entered
2019-03-14 18:06:46 INFO  LoginPage:42 - User has clicked on 'LOG IN' button
2019-03-14 18:06:46 INFO  TC01_VerifySuccessfulLoginToTheApplication:41 - java.lang.NullPointerException
2019-03-14 18:06:48 INFO  TestBase:144 - Browser has been closed
2019-03-14 18:08:44 INFO  TestBase:56 - Chrome browser launched successfully
2019-03-14 18:08:50 INFO  TestBase:80 - Application URL: http://snapraterdo:8086/Rater/login.auth has been entered
2019-03-14 18:08:50 INFO  TC01_VerifySuccessfulLoginToTheApplication:34 - TC01_VerifySuccessfulLoginToTheApplication test execution started
2019-03-14 18:08:50 INFO  LoginPage:37 - Username has been entered
2019-03-14 18:08:50 INFO  LoginPage:40 - Password has been entered
2019-03-14 18:09:00 INFO  LoginPage:42 - User has clicked on 'LOG IN' button
2019-03-14 18:09:19 INFO  TC01_VerifySuccessfulLoginToTheApplication:41 - java.lang.NullPointerException
2019-03-14 18:11:20 INFO  TestBase:56 - Chrome browser launched successfully
2019-03-14 18:11:28 INFO  TestBase:80 - Application URL: http://snapraterdo:8086/Rater/login.auth has been entered
2019-03-14 18:11:28 INFO  TC01_VerifySuccessfulLoginToTheApplication:34 - TC01_VerifySuccessfulLoginToTheApplication test execution started
2019-03-14 18:11:28 INFO  LoginPage:35 - Username has been entered
2019-03-14 18:11:28 INFO  LoginPage:38 - Password has been entered
2019-03-14 18:11:39 INFO  LoginPage:40 - User has clicked on 'LOG IN' button
2019-03-14 18:11:49 INFO  TC01_VerifySuccessfulLoginToTheApplication:41 - org.openqa.selenium.NoSuchElementException: no such element: Unable to locate element: {"method":"xpath","selector":"//a[contains(text(),'rate a shipment')]"}
  (Session info: chrome=72.0.3626.121)
  (Driver info: chromedriver=2.42.591088 (7b2b2dca23cca0862f674758c9a3933e685c27d5),platform=Windows NT 6.3.9600 x86_64) (WARNING: The server did not provide any stacktrace information)
Command duration or timeout: 0 milliseconds
For documentation on this error, please visit: http://seleniumhq.org/exceptions/no_such_element.html
Build info: version: '3.14.0', revision: 'aacccce0', time: '2018-08-02T20:19:58.91Z'
System info: host: 'DOSYSNET042', ip: '10.1.2.24', os.name: 'Windows 8.1', os.arch: 'amd64', os.version: '6.3', java.version: '1.8.0_144'
Driver info: org.openqa.selenium.chrome.ChromeDriver
Capabilities {acceptInsecureCerts: false, acceptSslCerts: false, applicationCacheEnabled: false, browserConnectionEnabled: false, browserName: chrome, chrome: {chromedriverVersion: 2.42.591088 (7b2b2dca23cca0..., userDataDir: C:\Users\bharath.k\AppData\...}, cssSelectorsEnabled: true, databaseEnabled: false, goog:chromeOptions: {debuggerAddress: localhost:54328}, handlesAlerts: true, hasTouchScreen: false, javascriptEnabled: true, locationContextEnabled: true, mobileEmulationEnabled: false, nativeEvents: true, networkConnectionEnabled: false, pageLoadStrategy: normal, platform: XP, platformName: XP, rotatable: false, setWindowRect: true, takesHeapSnapshot: true, takesScreenshot: true, unexpectedAlertBehaviour: , unhandledPromptBehavior: , version: 72.0.3626.121, webStorageEnabled: true}
Session ID: 68f85696b30d985eddc6467a2397e6d1
*** Element info: {Using=xpath, value=//a[contains(text(),'rate a shipment')]}
2019-03-14 18:11:50 INFO  TestBase:144 - Browser has been closed
2019-03-14 18:14:59 INFO  TestBase:56 - Chrome browser launched successfully
2019-03-14 18:15:06 INFO  TestBase:80 - Application URL: http://snapraterdo:8086/Rater/login.auth has been entered
2019-03-14 18:15:06 INFO  TC01_VerifySuccessfulLoginToTheApplication:34 - TC01_VerifySuccessfulLoginToTheApplication test execution started
2019-03-14 18:15:06 INFO  LoginPage:35 - Username has been entered
2019-03-14 18:15:06 INFO  LoginPage:38 - Password has been entered
2019-03-14 18:15:14 INFO  LoginPage:40 - User has clicked on 'LOG IN' button
2019-03-14 18:15:24 INFO  TC01_VerifySuccessfulLoginToTheApplication:41 - org.openqa.selenium.NoSuchElementException: no such element: Unable to locate element: {"method":"xpath","selector":"//a[contains(text(),'Rate A Shipment')]"}
  (Session info: chrome=72.0.3626.121)
  (Driver info: chromedriver=2.42.591088 (7b2b2dca23cca0862f674758c9a3933e685c27d5),platform=Windows NT 6.3.9600 x86_64) (WARNING: The server did not provide any stacktrace information)
Command duration or timeout: 0 milliseconds
For documentation on this error, please visit: http://seleniumhq.org/exceptions/no_such_element.html
Build info: version: '3.14.0', revision: 'aacccce0', time: '2018-08-02T20:19:58.91Z'
System info: host: 'DOSYSNET042', ip: '10.1.2.24', os.name: 'Windows 8.1', os.arch: 'amd64', os.version: '6.3', java.version: '1.8.0_144'
Driver info: org.openqa.selenium.chrome.ChromeDriver
Capabilities {acceptInsecureCerts: false, acceptSslCerts: false, applicationCacheEnabled: false, browserConnectionEnabled: false, browserName: chrome, chrome: {chromedriverVersion: 2.42.591088 (7b2b2dca23cca0..., userDataDir: C:\Users\bharath.k\AppData\...}, cssSelectorsEnabled: true, databaseEnabled: false, goog:chromeOptions: {debuggerAddress: localhost:54620}, handlesAlerts: true, hasTouchScreen: false, javascriptEnabled: true, locationContextEnabled: true, mobileEmulationEnabled: false, nativeEvents: true, networkConnectionEnabled: false, pageLoadStrategy: normal, platform: XP, platformName: XP, rotatable: false, setWindowRect: true, takesHeapSnapshot: true, takesScreenshot: true, unexpectedAlertBehaviour: , unhandledPromptBehavior: , version: 72.0.3626.121, webStorageEnabled: true}
Session ID: edb15fc398e169bc16001e734c1d161c
*** Element info: {Using=xpath, value=//a[contains(text(),'Rate A Shipment')]}
2019-03-14 18:15:25 INFO  TestBase:144 - Browser has been closed
2019-03-14 18:16:36 INFO  TestBase:56 - Chrome browser launched successfully
2019-03-14 18:16:43 INFO  TestBase:80 - Application URL: http://snapraterdo:8086/Rater/login.auth has been entered
2019-03-14 18:16:43 INFO  TC01_VerifySuccessfulLoginToTheApplication:34 - TC01_VerifySuccessfulLoginToTheApplication test execution started
2019-03-14 18:16:43 INFO  LoginPage:35 - Username has been entered
2019-03-14 18:16:43 INFO  LoginPage:38 - Password has been entered
2019-03-14 18:16:52 INFO  LoginPage:40 - User has clicked on 'LOG IN' button
2019-03-14 18:16:54 INFO  TestBase:144 - Browser has been closed
2019-03-14 18:18:04 INFO  TestBase:56 - Chrome browser launched successfully
2019-03-14 18:18:10 INFO  TestBase:80 - Application URL: http://snapraterdo:8086/Rater/login.auth has been entered
2019-03-14 18:18:10 INFO  TC01_VerifySuccessfulLoginToTheApplication:34 - TC01_VerifySuccessfulLoginToTheApplication test execution started
2019-03-14 18:18:10 INFO  LoginPage:35 - Username has been entered
2019-03-14 18:18:10 INFO  LoginPage:38 - Password has been entered
2019-03-14 18:18:19 INFO  LoginPage:40 - User has clicked on 'LOG IN' button
2019-03-14 18:18:19 INFO  TC01_VerifySuccessfulLoginToTheApplication:39 - TC01_VerifySuccessfulLoginToTheApplication test executed successfully
2019-03-14 18:18:20 INFO  TestBase:144 - Browser has been closed
2019-03-18 11:56:40 INFO  TestBase:56 - Chrome browser launched successfully
2019-03-18 11:56:48 INFO  TestBase:80 - Application URL: http://snapraterdo:8086/Rater/login.auth has been entered
2019-03-18 11:56:48 INFO  TC01_VerifySuccessfulLoginToTheApplication:34 - TC01_VerifySuccessfulLoginToTheApplication test execution started
2019-03-18 11:56:48 INFO  LoginPage:35 - Username has been entered
2019-03-18 11:56:48 INFO  LoginPage:38 - Password has been entered
2019-03-18 11:56:58 INFO  LoginPage:40 - User has clicked on 'LOG IN' button
2019-03-18 11:56:59 INFO  TC01_VerifySuccessfulLoginToTheApplication:39 - 'RATE A SHIPMENT' menu has been displayed post LOG IN
2019-03-18 11:56:59 INFO  TC01_VerifySuccessfulLoginToTheApplication:40 - TC01_VerifySuccessfulLoginToTheApplication test executed successfully
2019-03-18 11:57:00 INFO  TestBase:144 - Browser has been closed
2019-03-18 12:10:23 INFO  TestBase:56 - Chrome browser launched successfully
2019-03-18 12:10:26 INFO  TestBase:80 - Application URL: http://snapraterdo:8086/Rater/login.auth has been entered
2019-03-18 12:10:26 INFO  TC01_VerifySuccessfulLoginToTheApplication:34 - TC01_VerifySuccessfulLoginToTheApplication test execution started
2019-03-18 12:10:26 INFO  LoginPage:35 - Username has been entered
2019-03-18 12:10:27 INFO  LoginPage:38 - Password has been entered
2019-03-18 12:10:27 INFO  LoginPage:40 - User has clicked on 'LOG IN' button
2019-03-18 12:10:37 INFO  TC01_VerifySuccessfulLoginToTheApplication:42 - org.openqa.selenium.NoSuchElementException: no such element: Unable to locate element: {"method":"xpath","selector":"//a[contains(text(),'Rate A shipment')]"}
  (Session info: chrome=72.0.3626.121)
  (Driver info: chromedriver=2.42.591088 (7b2b2dca23cca0862f674758c9a3933e685c27d5),platform=Windows NT 6.3.9600 x86_64) (WARNING: The server did not provide any stacktrace information)
Command duration or timeout: 0 milliseconds
For documentation on this error, please visit: http://seleniumhq.org/exceptions/no_such_element.html
Build info: version: '3.14.0', revision: 'aacccce0', time: '2018-08-02T20:19:58.91Z'
System info: host: 'DOSYSNET042', ip: '10.1.3.13', os.name: 'Windows 8.1', os.arch: 'amd64', os.version: '6.3', java.version: '1.8.0_144'
Driver info: org.openqa.selenium.chrome.ChromeDriver
Capabilities {acceptInsecureCerts: false, acceptSslCerts: false, applicationCacheEnabled: false, browserConnectionEnabled: false, browserName: chrome, chrome: {chromedriverVersion: 2.42.591088 (7b2b2dca23cca0..., userDataDir: C:\Users\bharath.k\AppData\...}, cssSelectorsEnabled: true, databaseEnabled: false, goog:chromeOptions: {debuggerAddress: localhost:54456}, handlesAlerts: true, hasTouchScreen: false, javascriptEnabled: true, locationContextEnabled: true, mobileEmulationEnabled: false, nativeEvents: true, networkConnectionEnabled: false, pageLoadStrategy: normal, platform: XP, platformName: XP, rotatable: false, setWindowRect: true, takesHeapSnapshot: true, takesScreenshot: true, unexpectedAlertBehaviour: , unhandledPromptBehavior: , version: 72.0.3626.121, webStorageEnabled: true}
Session ID: 3015fdbacfb2c5583a3d935f247aa632
*** Element info: {Using=xpath, value=//a[contains(text(),'Rate A shipment')]}
2019-03-18 12:10:38 INFO  TestBase:144 - Browser has been closed
2019-03-18 12:12:28 INFO  TestBase:56 - Chrome browser launched successfully
2019-03-18 12:12:37 INFO  TestBase:80 - Application URL: http://snapraterdo:8086/Rater/login.auth has been entered
2019-03-18 12:12:37 INFO  TC01_VerifySuccessfulLoginToTheApplication:34 - TC01_VerifySuccessfulLoginToTheApplication test execution started
2019-03-18 12:12:37 INFO  LoginPage:35 - Username has been entered
2019-03-18 12:12:37 INFO  LoginPage:38 - Password has been entered
2019-03-18 12:12:45 INFO  LoginPage:40 - User has clicked on 'LOG IN' button
2019-03-18 12:12:46 INFO  TC01_VerifySuccessfulLoginToTheApplication:39 - 'RATE A SHIPMENT' menu has been displayed post LOG IN
2019-03-18 12:12:46 INFO  TC01_VerifySuccessfulLoginToTheApplication:40 - TC01_VerifySuccessfulLoginToTheApplication test executed successfully
2019-03-18 12:12:47 INFO  TestBase:144 - Browser has been closed
2019-03-18 12:22:39 INFO  TestBase:56 - Chrome browser launched successfully
2019-03-18 12:22:46 INFO  TestBase:80 - Application URL: http://snapraterdo:8086/Rater/login.auth has been entered
2019-03-18 12:22:46 INFO  TC01_CreateAndDeleteACustomSetting:37 - verifyCreateAndDeleteACustomSetting test execution started
2019-03-18 12:22:46 INFO  LoginPage:35 - Username has been entered
2019-03-18 12:22:47 INFO  LoginPage:38 - Password has been entered
2019-03-18 12:22:55 INFO  LoginPage:40 - User has clicked on 'LOG IN' button
2019-03-18 12:23:00 INFO  ManageSettingsPage:30 - User has clicked on 'MANAGE SETTINGS' tab
2019-03-18 12:23:00 INFO  TC01_CreateAndDeleteACustomSetting:43 - 'RATE A SHIPMENT' menu has been displayed post LOG IN
2019-03-18 12:23:00 INFO  TC01_CreateAndDeleteACustomSetting:44 - verifyCreateAndDeleteACustomSetting test executed successfully
2019-03-18 12:23:01 INFO  TestBase:144 - Browser has been closed
2019-03-18 12:27:43 INFO  TestBase:56 - Chrome browser launched successfully
2019-03-18 12:27:49 INFO  TestBase:80 - Application URL: http://snapraterdo:8086/Rater/login.auth has been entered
2019-03-18 12:27:49 INFO  TC01_CreateAndDeleteACustomSetting:37 - verifyCreateAndDeleteACustomSetting test execution started
2019-03-18 12:27:50 INFO  LoginPage:35 - Username has been entered
2019-03-18 12:27:50 INFO  LoginPage:38 - Password has been entered
2019-03-18 12:27:58 INFO  LoginPage:40 - User has clicked on 'LOG IN' button
2019-03-18 12:28:02 INFO  ManageSettingsPage:30 - User has clicked on 'MANAGE SETTINGS' tab
2019-03-18 12:28:02 INFO  TC01_CreateAndDeleteACustomSetting:41 - verifyCreateAndDeleteACustomSetting test executed successfully
2019-03-18 12:28:03 INFO  TestBase:144 - Browser has been closed
2019-03-19 17:10:56 INFO  TestBase:64 - Chrome browser launched successfully
2019-03-19 17:11:02 INFO  TestBase:88 - Application URL: http://snapraterdo:8086/Rater/login.auth has been entered
2019-03-19 17:11:02 INFO  TC01_VerifySuccessfulLoginToTheApplication:34 - verifySuccessfulLoginToTheApplication test execution started
2019-03-19 17:11:02 INFO  LoginPage:35 - Username has been entered
2019-03-19 17:11:02 INFO  LoginPage:38 - Password has been entered
2019-03-19 17:11:09 INFO  LoginPage:40 - User has clicked on 'LOG IN' button
2019-03-19 17:11:10 INFO  TC01_VerifySuccessfulLoginToTheApplication:39 - 'RATE A SHIPMENT' menu has been displayed post LOG IN
2019-03-19 17:11:10 INFO  TC01_VerifySuccessfulLoginToTheApplication:40 - verifySuccessfulLoginToTheApplication test executed successfully
2019-03-19 17:11:11 INFO  TestBase:152 - Browser has been closed
2019-03-19 17:29:12 INFO  TestBase:56 - Chrome browser launched successfully
2019-03-19 17:29:18 INFO  TestBase:80 - Application URL: http://snapraterdo:8086/Rater/login.auth has been entered
2019-03-19 17:29:18 INFO  TC01_VerifySuccessfulLoginToTheApplication:34 - verifySuccessfulLoginToTheApplication test execution started
2019-03-19 17:29:27 INFO  TC01_VerifySuccessfulLoginToTheApplication:39 - 'RATE A SHIPMENT' menu has been displayed post LOG IN
2019-03-19 17:29:27 INFO  TC01_VerifySuccessfulLoginToTheApplication:40 - verifySuccessfulLoginToTheApplication test executed successfully
2019-03-19 17:29:28 INFO  TestBase:144 - Browser has been closed
2019-03-19 17:45:02 INFO  TestBase:56 - Chrome browser launched successfully
2019-03-19 17:45:09 INFO  TestBase:80 - Application URL: http://snapraterdo:8086/Rater/login.auth has been entered
2019-03-19 17:45:09 INFO  LoginTests:34 - verifySuccessfulLoginToTheApplication test execution started
2019-03-19 17:45:17 INFO  LoginTests:39 - 'RATE A SHIPMENT' menu has been displayed post LOG IN
2019-03-19 17:45:17 INFO  LoginTests:40 - verifySuccessfulLoginToTheApplication test executed successfully
2019-03-19 17:45:18 INFO  TestBase:144 - Browser has been closed
2019-03-19 17:53:51 INFO  TestBase:56 - Chrome browser launched successfully
2019-03-19 17:53:57 INFO  TestBase:80 - Application URL: http://snapraterdo:8086/Rater/login.auth has been entered
2019-03-19 17:55:05 INFO  TestBase:56 - Chrome browser launched successfully
2019-03-19 17:55:11 INFO  TestBase:80 - Application URL: http://snapraterdo:8086/Rater/login.auth has been entered
2019-03-19 17:55:31 INFO  TestBase:144 - Browser has been closed
2019-03-19 17:57:19 INFO  TestBase:56 - Chrome browser launched successfully
2019-03-19 17:57:25 INFO  TestBase:80 - Application URL: http://snapraterdo:8086/Rater/login.auth has been entered
2019-03-19 17:57:26 INFO  TestBase:144 - Browser has been closed
2019-03-19 17:58:58 INFO  TestBase:56 - Chrome browser launched successfully
2019-03-19 17:59:04 INFO  TestBase:80 - Application URL: http://snapraterdo:8086/Rater/login.auth has been entered
2019-03-19 17:59:24 INFO  TestBase:144 - Browser has been closed
2019-03-19 18:00:15 INFO  TestBase:56 - Chrome browser launched successfully
2019-03-19 18:00:21 INFO  TestBase:80 - Application URL: http://snapraterdo:8086/Rater/login.auth has been entered
2019-03-19 18:00:30 INFO  TestBase:144 - Browser has been closed
2019-03-19 18:05:12 INFO  TestBase:56 - Chrome browser launched successfully
2019-03-19 18:05:18 INFO  TestBase:80 - Application URL: http://snapraterdo:8086/Rater/login.auth has been entered
2019-03-19 18:05:43 INFO  TestBase:144 - Browser has been closed
2019-03-19 18:08:55 INFO  TestBase:56 - Chrome browser launched successfully
2019-03-19 18:09:01 INFO  TestBase:80 - Application URL: http://snapraterdo:8086/Rater/login.auth has been entered
2019-03-19 18:09:15 INFO  TestBase:144 - Browser has been closed
2019-03-19 18:14:58 INFO  TestBase:56 - Chrome browser launched successfully
2019-03-19 18:15:03 INFO  TestBase:80 - Application URL: http://snapraterdo:8086/Rater/login.auth has been entered
2019-03-19 18:15:17 INFO  TestBase:144 - Browser has been closed
2019-03-19 21:28:27 INFO  TestBase:56 - Chrome browser launched successfully
2019-03-19 21:28:37 INFO  TestBase:80 - Application URL: http://snapraterdo:8086/Rater/login.auth has been entered
2019-03-19 21:28:53 INFO  TestBase:144 - Browser has been closed
2019-03-19 21:40:27 INFO  TestBase:56 - Chrome browser launched successfully
2019-03-19 21:40:38 INFO  TestBase:80 - Application URL: http://snapraterdo:8086/Rater/login.auth has been entered
2019-03-19 21:40:53 INFO  ManageSettingsPage:32 - User has clicked on 'MANAGE SETTINGS' tab
2019-03-19 21:40:53 INFO  ManageSettingsPage:37 - User has clicked on 'Custom Setting' option
2019-03-19 21:40:54 INFO  TestBase:144 - Browser has been closed
2019-03-19 21:52:41 INFO  TestBase:56 - Chrome browser launched successfully
2019-03-19 21:52:49 INFO  TestBase:80 - Application URL: http://snapraterdo:8086/Rater/login.auth has been entered
2019-03-19 21:53:04 INFO  ManageSettingsPage:44 - User has clicked on 'MANAGE SETTINGS' tab
2019-03-19 21:53:04 INFO  ManageSettingsPage:49 - User has clicked on 'Custom Setting' option
2019-03-19 21:53:07 INFO  TestBase:144 - Browser has been closed
2019-03-19 21:56:10 INFO  TestBase:56 - Chrome browser launched successfully
2019-03-19 21:56:23 INFO  TestBase:80 - Application URL: http://snapraterdo:8086/Rater/login.auth has been entered
2019-03-19 21:56:37 INFO  ManageSettingsPage:48 - User has clicked on 'MANAGE SETTINGS' tab
2019-03-19 21:56:37 INFO  ManageSettingsPage:53 - User has clicked on 'Custom Setting' option
2019-03-19 21:56:38 INFO  TestBase:144 - Browser has been closed
2019-03-19 21:59:01 INFO  TestBase:56 - Chrome browser launched successfully
2019-03-19 21:59:15 INFO  TestBase:80 - Application URL: http://snapraterdo:8086/Rater/login.auth has been entered
2019-03-19 21:59:31 INFO  ManageSettingsPage:49 - User has clicked on 'MANAGE SETTINGS' tab
2019-03-19 21:59:32 INFO  ManageSettingsPage:54 - User has clicked on 'Custom Setting' option
2019-03-19 21:59:43 INFO  TestBase:144 - Browser has been closed
2019-03-19 22:01:23 INFO  TestBase:56 - Chrome browser launched successfully
2019-03-19 22:01:30 INFO  TestBase:80 - Application URL: http://snapraterdo:8086/Rater/login.auth has been entered
2019-03-19 22:01:47 INFO  ManageSettingsPage:48 - User has clicked on 'MANAGE SETTINGS' tab
2019-03-19 22:01:47 INFO  ManageSettingsPage:53 - User has clicked on 'Custom Setting' option
2019-03-20 11:46:36 INFO  TestBase:56 - Chrome browser launched successfully
2019-03-20 11:46:44 INFO  TestBase:80 - Application URL: http://snapraterdo:8086/Rater/login.auth has been entered
2019-03-20 11:46:56 INFO  ManageSettingsPage:48 - User has clicked on 'MANAGE SETTINGS' tab
2019-03-20 11:46:56 INFO  ManageSettingsPage:53 - User has clicked on 'Custom Setting' option
2019-03-20 11:52:06 INFO  TestBase:56 - Chrome browser launched successfully
2019-03-20 11:52:12 INFO  TestBase:80 - Application URL: http://snapraterdo:8086/Rater/login.auth has been entered
2019-03-20 11:52:26 INFO  ManageSettingsPage:48 - User has clicked on 'MANAGE SETTINGS' tab
2019-03-20 11:52:26 INFO  ManageSettingsPage:53 - User has clicked on 'Custom Setting' option
2019-03-21 16:34:40 INFO  TestBase:56 - Chrome browser launched successfully
2019-03-21 16:34:47 INFO  TestBase:80 - Application URL: http://snapraterdo:8086/Rater/login.auth has been entered
2019-03-21 16:35:01 INFO  ManageSettingsPage:48 - User has clicked on 'MANAGE SETTINGS' tab
2019-03-21 16:35:01 INFO  ManageSettingsPage:53 - User has clicked on 'Custom Setting' option
2019-03-21 16:35:41 INFO  TestBase:56 - Chrome browser launched successfully
2019-03-21 16:35:48 INFO  TestBase:80 - Application URL: http://snapraterdo:8086/Rater/login.auth has been entered
2019-03-21 16:36:01 INFO  ManageSettingsPage:48 - User has clicked on 'MANAGE SETTINGS' tab
2019-03-21 16:36:01 INFO  ManageSettingsPage:53 - User has clicked on 'Custom Setting' option
2019-03-21 16:39:37 INFO  TestBase:56 - Chrome browser launched successfully
2019-03-21 16:39:44 INFO  TestBase:80 - Application URL: http://snapraterdo:8086/Rater/login.auth has been entered
2019-03-21 16:39:58 INFO  ManageSettingsPage:48 - User has clicked on 'MANAGE SETTINGS' tab
2019-03-21 16:39:58 INFO  ManageSettingsPage:53 - User has clicked on 'Custom Setting' option
2019-03-21 16:56:59 INFO  TestBase:56 - Chrome browser launched successfully
2019-03-21 16:57:07 INFO  TestBase:80 - Application URL: http://snapraterdo:8086/Rater/login.auth has been entered
2019-03-21 16:57:21 INFO  ManageSettingsPage:51 - User has clicked on 'MANAGE SETTINGS' tab
2019-03-21 16:57:21 INFO  ManageSettingsPage:56 - User has clicked on 'Custom Setting' option
2019-03-21 16:57:40 INFO  ManageSettingsPage:51 - User has clicked on 'MANAGE SETTINGS' tab
2019-03-21 16:58:56 INFO  TestBase:56 - Chrome browser launched successfully
2019-03-21 16:59:04 INFO  TestBase:80 - Application URL: http://snapraterdo:8086/Rater/login.auth has been entered
2019-03-21 16:59:21 INFO  ManageSettingsPage:51 - User has clicked on 'MANAGE SETTINGS' tab
2019-03-21 16:59:21 INFO  ManageSettingsPage:56 - User has clicked on 'Custom Setting' option
2019-03-21 16:59:39 INFO  ManageSettingsPage:51 - User has clicked on 'MANAGE SETTINGS' tab
2019-03-21 16:59:39 INFO  ManageSettingsPage:56 - User has clicked on 'Custom Setting' option
2019-03-21 17:16:28 INFO  TestBase:56 - Chrome browser launched successfully
2019-03-21 17:16:37 INFO  TestBase:80 - Application URL: http://snapraterdo:8086/Rater/login.auth has been entered
2019-03-21 17:16:56 INFO  ManageSettingsPage:51 - User has clicked on 'MANAGE SETTINGS' tab
2019-03-21 17:16:56 INFO  ManageSettingsPage:56 - User has clicked on 'Custom Setting' option
2019-03-21 17:17:12 INFO  ManageSettingsPage:51 - User has clicked on 'MANAGE SETTINGS' tab
2019-03-21 17:17:12 INFO  ManageSettingsPage:56 - User has clicked on 'Custom Setting' option
2019-03-21 17:18:35 INFO  TestBase:56 - Chrome browser launched successfully
2019-03-21 17:18:42 INFO  TestBase:80 - Application URL: http://snapraterdo:8086/Rater/login.auth has been entered
2019-03-21 17:18:55 INFO  ManageSettingsPage:51 - User has clicked on 'MANAGE SETTINGS' tab
2019-03-21 17:18:55 INFO  ManageSettingsPage:56 - User has clicked on 'Custom Setting' option
2019-03-21 17:19:14 INFO  ManageSettingsPage:51 - User has clicked on 'MANAGE SETTINGS' tab
2019-03-21 17:19:15 INFO  ManageSettingsPage:56 - User has clicked on 'Custom Setting' option
2019-03-22 10:44:30 INFO  TestBase:56 - Chrome browser launched successfully
2019-03-22 10:44:37 INFO  TestBase:80 - Application URL: http://snapraterdo:8086/Rater/login.auth has been entered
2019-03-22 10:44:50 INFO  ManageSettingsPage:51 - User has clicked on 'MANAGE SETTINGS' tab
2019-03-22 10:44:50 INFO  ManageSettingsPage:56 - User has clicked on 'Custom Setting' option
2019-03-22 10:45:06 INFO  ManageSettingsPage:51 - User has clicked on 'MANAGE SETTINGS' tab
2019-03-22 10:45:06 INFO  ManageSettingsPage:56 - User has clicked on 'Custom Setting' option
2019-03-22 11:38:51 INFO  TestBase:56 - Chrome browser launched successfully
2019-03-22 11:39:00 INFO  TestBase:80 - Application URL: http://snapraterdo:8086/Rater/login.auth has been entered
2019-03-22 11:39:16 INFO  ManageSettingsPage:51 - User has clicked on 'MANAGE SETTINGS' tab
2019-03-22 11:39:16 INFO  ManageSettingsPage:56 - User has clicked on 'Custom Setting' option
2019-03-22 11:39:34 INFO  ManageSettingsPage:51 - User has clicked on 'MANAGE SETTINGS' tab
2019-03-22 11:39:34 INFO  ManageSettingsPage:56 - User has clicked on 'Custom Setting' option
2019-03-22 15:30:19 INFO  TestBase:56 - Chrome browser launched successfully
2019-03-22 15:30:25 INFO  TestBase:80 - Application URL: http://snapraterdo:8086/Rater/login.auth has been entered
2019-03-22 15:30:40 INFO  ManageSettingsPage:51 - User has clicked on 'MANAGE SETTINGS' tab
2019-03-22 15:30:40 INFO  ManageSettingsPage:56 - User has clicked on 'Custom Setting' option
2019-03-22 15:30:59 INFO  ManageSettingsPage:51 - User has clicked on 'MANAGE SETTINGS' tab
2019-03-22 15:30:59 INFO  ManageSettingsPage:56 - User has clicked on 'Custom Setting' option
2019-03-22 15:38:55 INFO  TestBase:56 - Chrome browser launched successfully
2019-03-22 15:39:03 INFO  TestBase:80 - Application URL: http://snapraterdo:8086/Rater/login.auth has been entered
2019-03-22 15:39:19 INFO  ManageSettingsPage:51 - User has clicked on 'MANAGE SETTINGS' tab
2019-03-22 15:39:19 INFO  ManageSettingsPage:56 - User has clicked on 'Custom Setting' option
2019-03-22 15:39:35 INFO  ManageSettingsPage:51 - User has clicked on 'MANAGE SETTINGS' tab
2019-03-22 15:39:35 INFO  ManageSettingsPage:56 - User has clicked on 'Custom Setting' option
2019-03-22 15:41:00 INFO  TestBase:56 - Chrome browser launched successfully
2019-03-22 15:41:07 INFO  TestBase:80 - Application URL: http://snapraterdo:8086/Rater/login.auth has been entered
2019-03-22 15:41:19 INFO  ManageSettingsPage:51 - User has clicked on 'MANAGE SETTINGS' tab
2019-03-22 15:41:19 INFO  ManageSettingsPage:56 - User has clicked on 'Custom Setting' option
2019-03-22 15:41:39 INFO  ManageSettingsPage:51 - User has clicked on 'MANAGE SETTINGS' tab
2019-03-22 15:41:39 INFO  ManageSettingsPage:56 - User has clicked on 'Custom Setting' option
2019-03-22 15:42:54 INFO  TestBase:56 - Chrome browser launched successfully
2019-03-22 15:43:00 INFO  TestBase:80 - Application URL: http://snapraterdo:8086/Rater/login.auth has been entered
2019-03-22 15:43:15 INFO  ManageSettingsPage:51 - User has clicked on 'MANAGE SETTINGS' tab
2019-03-22 15:43:16 INFO  ManageSettingsPage:56 - User has clicked on 'Custom Setting' option
2019-03-22 15:43:33 INFO  ManageSettingsPage:51 - User has clicked on 'MANAGE SETTINGS' tab
2019-03-22 15:43:33 INFO  ManageSettingsPage:56 - User has clicked on 'Custom Setting' option
2019-03-25 11:00:34 INFO  TestBase:56 - Chrome browser launched successfully
2019-03-25 11:00:41 INFO  TestBase:80 - Application URL: http://snapraterdo:8086/Rater/login.auth has been entered
2019-03-25 11:00:54 INFO  ManageSettingsPage:51 - User has clicked on 'MANAGE SETTINGS' tab
2019-03-25 11:00:54 INFO  ManageSettingsPage:56 - User has clicked on 'Custom Setting' option
2019-03-25 11:01:11 INFO  ManageSettingsPage:51 - User has clicked on 'MANAGE SETTINGS' tab
2019-03-25 11:01:11 INFO  ManageSettingsPage:56 - User has clicked on 'Custom Setting' option
2019-03-25 11:04:31 INFO  TestBase:56 - Chrome browser launched successfully
2019-03-25 11:04:37 INFO  TestBase:80 - Application URL: http://snapraterdo:8086/Rater/login.auth has been entered
2019-03-25 11:04:50 INFO  ManageSettingsPage:52 - User has clicked on 'MANAGE SETTINGS' tab
2019-03-25 11:04:50 INFO  ManageSettingsPage:57 - User has clicked on 'Custom Setting' option
2019-03-25 11:05:04 INFO  ManageSettingsPage:52 - User has clicked on 'MANAGE SETTINGS' tab
2019-03-25 11:05:05 INFO  ManageSettingsPage:57 - User has clicked on 'Custom Setting' option
2019-03-25 13:08:08 INFO  TestBase:56 - Chrome browser launched successfully
2019-03-25 13:08:16 INFO  TestBase:80 - Application URL: http://snapraterdo:8086/Rater/login.auth has been entered
2019-03-25 13:08:31 INFO  ManageSettingsPage:52 - User has clicked on 'MANAGE SETTINGS' tab
2019-03-25 13:08:31 INFO  ManageSettingsPage:57 - User has clicked on 'Custom Setting' option
2019-03-25 13:08:50 INFO  ManageSettingsPage:52 - User has clicked on 'MANAGE SETTINGS' tab
2019-03-25 13:08:50 INFO  ManageSettingsPage:57 - User has clicked on 'Custom Setting' option
2019-03-25 13:17:38 INFO  TestBase:56 - Chrome browser launched successfully
2019-03-25 13:17:46 INFO  TestBase:80 - Application URL: http://snapraterdo:8086/Rater/login.auth has been entered
2019-03-25 13:17:59 INFO  ManageSettingsPage:54 - User has clicked on 'MANAGE SETTINGS' tab
2019-03-25 13:17:59 INFO  ManageSettingsPage:59 - User has clicked on 'Custom Setting' option
2019-03-25 13:18:14 INFO  ManageSettingsPage:54 - User has clicked on 'MANAGE SETTINGS' tab
2019-03-25 13:18:14 INFO  ManageSettingsPage:59 - User has clicked on 'Custom Setting' option
2019-03-25 13:19:17 INFO  TestBase:56 - Chrome browser launched successfully
2019-03-25 13:19:23 INFO  TestBase:80 - Application URL: http://snapraterdo:8086/Rater/login.auth has been entered
2019-03-25 13:19:36 INFO  ManageSettingsPage:54 - User has clicked on 'MANAGE SETTINGS' tab
2019-03-25 13:19:36 INFO  ManageSettingsPage:59 - User has clicked on 'Custom Setting' option
2019-03-25 13:19:54 INFO  ManageSettingsPage:54 - User has clicked on 'MANAGE SETTINGS' tab
2019-03-25 13:19:54 INFO  ManageSettingsPage:59 - User has clicked on 'Custom Setting' option
2019-03-25 13:20:45 INFO  TestBase:56 - Chrome browser launched successfully
2019-03-25 13:20:51 INFO  TestBase:80 - Application URL: http://snapraterdo:8086/Rater/login.auth has been entered
2019-03-25 13:21:06 INFO  ManageSettingsPage:54 - User has clicked on 'MANAGE SETTINGS' tab
2019-03-25 13:21:06 INFO  ManageSettingsPage:59 - User has clicked on 'Custom Setting' option
2019-03-25 13:22:52 INFO  TestBase:56 - Chrome browser launched successfully
2019-03-25 13:22:59 INFO  TestBase:80 - Application URL: http://snapraterdo:8086/Rater/login.auth has been entered
2019-03-25 13:24:42 INFO  TestBase:56 - Chrome browser launched successfully
2019-03-25 13:24:48 INFO  TestBase:80 - Application URL: http://snapraterdo:8086/Rater/login.auth has been entered
2019-03-25 13:25:02 INFO  ManageSettingsPage:54 - User has clicked on 'MANAGE SETTINGS' tab
2019-03-25 13:25:02 INFO  ManageSettingsPage:59 - User has clicked on 'Custom Setting' option
2019-03-25 13:26:39 INFO  TestBase:56 - Chrome browser launched successfully
2019-03-25 13:26:47 INFO  TestBase:80 - Application URL: http://snapraterdo:8086/Rater/login.auth has been entered
2019-03-25 13:27:03 INFO  ManageSettingsPage:54 - User has clicked on 'MANAGE SETTINGS' tab
2019-03-25 13:27:03 INFO  ManageSettingsPage:59 - User has clicked on 'Custom Setting' option
2019-03-25 13:28:18 INFO  TestBase:56 - Chrome browser launched successfully
2019-03-25 13:28:25 INFO  TestBase:80 - Application URL: http://snapraterdo:8086/Rater/login.auth has been entered
2019-03-25 13:28:38 INFO  ManageSettingsPage:52 - User has clicked on 'MANAGE SETTINGS' tab
2019-03-25 13:28:38 INFO  ManageSettingsPage:57 - User has clicked on 'Custom Setting' option
2019-03-25 13:33:16 INFO  TestBase:56 - Chrome browser launched successfully
2019-03-25 13:33:23 INFO  TestBase:80 - Application URL: http://snapraterdo:8086/Rater/login.auth has been entered
2019-03-25 13:33:38 INFO  ManageSettingsPage:52 - User has clicked on 'MANAGE SETTINGS' tab
2019-03-25 13:33:38 INFO  ManageSettingsPage:57 - User has clicked on 'Custom Setting' option
2019-03-25 13:33:55 INFO  ManageSettingsPage:52 - User has clicked on 'MANAGE SETTINGS' tab
2019-03-25 13:33:55 INFO  ManageSettingsPage:57 - User has clicked on 'Custom Setting' option
2019-03-25 13:38:07 INFO  TestBase:56 - Chrome browser launched successfully
2019-03-25 13:38:13 INFO  TestBase:80 - Application URL: http://snapraterdo:8086/Rater/login.auth has been entered
2019-03-25 13:38:30 INFO  ManageSettingsPage:52 - User has clicked on 'MANAGE SETTINGS' tab
2019-03-25 13:38:30 INFO  ManageSettingsPage:57 - User has clicked on 'Custom Setting' option
2019-03-25 13:38:50 INFO  ManageSettingsPage:52 - User has clicked on 'MANAGE SETTINGS' tab
2019-03-25 13:38:50 INFO  ManageSettingsPage:57 - User has clicked on 'Custom Setting' option
2019-03-25 13:39:48 INFO  TestBase:56 - Chrome browser launched successfully
2019-03-25 13:39:55 INFO  TestBase:80 - Application URL: http://snapraterdo:8086/Rater/login.auth has been entered
2019-03-25 13:40:09 INFO  ManageSettingsPage:52 - User has clicked on 'MANAGE SETTINGS' tab
2019-03-25 13:40:09 INFO  ManageSettingsPage:57 - User has clicked on 'Custom Setting' option
2019-03-25 13:40:25 INFO  ManageSettingsPage:52 - User has clicked on 'MANAGE SETTINGS' tab
2019-03-25 13:40:25 INFO  ManageSettingsPage:57 - User has clicked on 'Custom Setting' option
2019-03-25 14:05:44 INFO  TestBase:56 - Chrome browser launched successfully
2019-03-25 14:05:50 INFO  TestBase:80 - Application URL: http://snapraterdo:8086/Rater/login.auth has been entered
2019-03-25 14:06:04 INFO  ManageSettingsPage:52 - User has clicked on 'MANAGE SETTINGS' tab
2019-03-25 14:06:04 INFO  ManageSettingsPage:57 - User has clicked on 'Custom Setting' option
2019-03-25 14:06:21 INFO  ManageSettingsPage:52 - User has clicked on 'MANAGE SETTINGS' tab
2019-03-25 14:06:21 INFO  ManageSettingsPage:57 - User has clicked on 'Custom Setting' option
2019-03-25 15:27:36 INFO  TestBase:56 - Chrome browser launched successfully
2019-03-25 15:27:44 INFO  TestBase:80 - Application URL: http://snapraterdo:8086/Rater/login.auth has been entered
2019-03-25 15:28:00 INFO  ManageSettingsPage:52 - User has clicked on 'MANAGE SETTINGS' tab
2019-03-25 15:28:00 INFO  ManageSettingsPage:57 - User has clicked on 'Custom Setting' option
2019-03-25 15:28:18 INFO  ManageSettingsPage:52 - User has clicked on 'MANAGE SETTINGS' tab
2019-03-25 15:28:18 INFO  ManageSettingsPage:57 - User has clicked on 'Custom Setting' option
2019-03-25 18:18:40 INFO  TestBase:56 - Chrome browser launched successfully
2019-03-25 18:18:50 INFO  TestBase:80 - Application URL: http://snapraterdo:8086/Rater/login.auth has been entered
2019-03-25 18:20:39 INFO  TestBase:56 - Chrome browser launched successfully
2019-03-25 18:20:47 INFO  TestBase:80 - Application URL: http://snapraterdo:8086/Rater/login.auth has been entered
2019-03-25 18:22:04 INFO  TestBase:56 - Chrome browser launched successfully
2019-03-25 18:22:12 INFO  TestBase:80 - Application URL: http://snapraterdo:8086/Rater/login.auth has been entered
2019-03-25 18:27:57 INFO  TestBase:56 - Chrome browser launched successfully
2019-03-25 18:28:05 INFO  TestBase:80 - Application URL: http://snapraterdo:8086/Rater/login.auth has been entered
2019-03-25 18:29:40 INFO  TestBase:56 - Chrome browser launched successfully
2019-03-25 18:29:47 INFO  TestBase:80 - Application URL: http://snapraterdo:8086/Rater/login.auth has been entered
2019-03-25 18:32:50 INFO  TestBase:56 - Chrome browser launched successfully
2019-03-25 18:32:58 INFO  TestBase:80 - Application URL: http://snapraterdo:8086/Rater/login.auth has been entered
2019-03-25 18:35:44 INFO  TestBase:56 - Chrome browser launched successfully
2019-03-25 18:35:51 INFO  TestBase:80 - Application URL: http://snapraterdo:8086/Rater/login.auth has been entered
2019-03-25 18:37:07 INFO  TestBase:56 - Chrome browser launched successfully
2019-03-25 18:37:16 INFO  TestBase:80 - Application URL: http://snapraterdo:8086/Rater/login.auth has been entered
2019-03-25 18:39:13 INFO  TestBase:56 - Chrome browser launched successfully
2019-03-25 18:39:19 INFO  TestBase:80 - Application URL: http://snapraterdo:8086/Rater/login.auth has been entered
2019-03-26 10:54:45 INFO  TestBase:56 - Chrome browser launched successfully
2019-03-26 10:54:56 INFO  TestBase:80 - Application URL: http://snapraterdo:8086/Rater/login.auth has been entered
2019-03-26 10:56:28 INFO  TestBase:56 - Chrome browser launched successfully
2019-03-26 10:56:35 INFO  TestBase:80 - Application URL: http://snapraterdo:8086/Rater/login.auth has been entered
2019-03-26 10:58:20 INFO  TestBase:56 - Chrome browser launched successfully
2019-03-26 10:58:27 INFO  TestBase:80 - Application URL: http://snapraterdo:8086/Rater/login.auth has been entered
2019-03-26 11:13:19 INFO  TestBase:46 - Chrome browser launched successfully
2019-03-26 11:13:27 INFO  TestBase:70 - Application URL: http://snapraterdo:8086/Rater/login.auth has been entered
2019-03-26 11:15:24 INFO  TestBase:46 - Chrome browser launched successfully
2019-03-26 11:15:39 INFO  TestBase:70 - Application URL: http://snapraterdo:8086/Rater/login.auth has been entered
2019-03-26 11:23:35 INFO  TestBase:44 - Chrome browser launched successfully
2019-03-26 11:23:45 INFO  TestBase:68 - Application URL: http://snapraterdo:8086/Rater/login.auth has been entered
2019-03-26 11:30:19 INFO  TestBase:44 - Chrome browser launched successfully
2019-03-26 11:30:26 INFO  TestBase:68 - Application URL: http://snapraterdo:8086/Rater/login.auth has been entered
2019-03-26 11:31:42 INFO  TestBase:44 - Chrome browser launched successfully
2019-03-26 11:31:49 INFO  TestBase:68 - Application URL: http://snapraterdo:8086/Rater/login.auth has been entered
2019-03-26 12:06:49 INFO  TestBase:44 - Chrome browser launched successfully
2019-03-26 12:06:57 INFO  TestBase:68 - Application URL: http://snapraterdo:8086/Rater/login.auth has been entered
2019-03-26 12:22:54 INFO  TestBase:51 - Firefox browser launched successfully
2019-03-26 12:23:07 INFO  TestBase:68 - Application URL: http://snapraterdo:8086/Rater/login.auth has been entered
